INFO: [VRFC 10-2263] Analyzing Verilog file "D:/FPGA/Vivado/FSK/FSK.srcs/sources_1/new/FSK_demod.v" into library xil_defaultlib
INFO: [VRFC 10-311] analyzing module FSK_demod
INFO: [VRFC 10-2458] undeclared symbol s_axis_data_tready, assumed default net type wire [D:/FPGA/Vivado/FSK/FSK.srcs/sources_1/new/FSK_demod.v:45]
INFO: [VRFC 10-2458] undeclared symbol m_axis_data_tvalid, assumed default net type wire [D:/FPGA/Vivado/FSK/FSK.srcs/sources_1/new/FSK_demod.v:55]
INFO: [VRFC 10-2263] Analyzing Verilog file "D:/FPGA/Vivado/FSK/FSK.srcs/sources_1/new/FSK_mod.v" into library xil_defaultlib
INFO: [VRFC 10-311] analyzing module FSK_mod
INFO: [VRFC 10-2458] undeclared symbol m_axis_data_tvalid, assumed default net type wire [D:/FPGA/Vivado/FSK/FSK.srcs/sources_1/new/FSK_mod.v:42]
INFO: [VRFC 10-2458] undeclared symbol nouse, assumed default net type wire [D:/FPGA/Vivado/FSK/FSK.srcs/sources_1/new/FSK_mod.v:47]
INFO: [VRFC 10-2263] Analyzing Verilog file "D:/FPGA/Vivado/FSK/FSK.srcs/sim_1/new/simu.v" into library xil_defaultlib
INFO: [VRFC 10-311] analyzing module simu
INFO: [VRFC 10-2263] Analyzing Verilog file "D:/FPGA/Vivado/FSK/FSK.sim/sim_1/behav/glbl.v" into library xil_defaultlib
INFO: [VRFC 10-311] analyzing module glbl
INFO: [VRFC 10-163] Analyzing VHDL file "D:/FPGA/Vivado/FSK/FSK.ip_user_files/ipstatic/xbip_utils_v3_0_5/hdl/xbip_utils_v3_0_vh_rfs.vhd" into library xbip_utils_v3_0_5
INFO: [VRFC 10-163] Analyzing VHDL file "D:/FPGA/Vivado/FSK/FSK.ip_user_files/ipstatic/axi_utils_v2_0_1/hdl/axi_utils_v2_0_vh_rfs.vhd" into library axi_utils_v2_0_1
INFO: [VRFC 10-307] analyzing entity glb_srl_fifo
INFO: [VRFC 10-307] analyzing entity glb_ifx_slave
INFO: [VRFC 10-307] analyzing entity glb_ifx_master
INFO: [VRFC 10-307] analyzing entity axi_slave_2to1
INFO: [VRFC 10-307] analyzing entity axi_slave_3to1
INFO: [VRFC 10-307] analyzing entity axi_slave_4to1
INFO: [VRFC 10-163] Analyzing VHDL file "D:/FPGA/Vivado/FSK/FSK.ip_user_files/ipstatic/fir_compiler_v7_2_5/hdl/fir_compiler_v7_2_vh_rfs.vhd" into library fir_compiler_v7_2_5
INFO: [VRFC 10-307] analyzing entity sp_mem
INFO: [VRFC 10-307] analyzing entity dpr_mem
INFO: [VRFC 10-307] analyzing entity dpt_mem
INFO: [VRFC 10-307] analyzing entity delay
INFO: [VRFC 10-307] analyzing entity muxf_bus
INFO: [VRFC 10-307] analyzing entity buff
INFO: [VRFC 10-307] analyzing entity wrap_buff
INFO: [VRFC 10-307] analyzing entity cntrl_delay
INFO: [VRFC 10-307] analyzing entity add_sub
INFO: [VRFC 10-307] analyzing entity calc
INFO: [VRFC 10-307] analyzing entity add_accum
INFO: [VRFC 10-307] analyzing entity addsub_mult_add
INFO: [VRFC 10-307] analyzing entity addsub_mult_accum
INFO: [VRFC 10-307] analyzing entity rounder
INFO: [VRFC 10-307] analyzing entity filt_mem
INFO: [VRFC 10-307] analyzing entity cnfg_and_reload
INFO: [VRFC 10-307] analyzing entity ext_mult
INFO: [VRFC 10-307] analyzing entity single_rate
INFO: [VRFC 10-307] analyzing entity halfband_interpolation
INFO: [VRFC 10-307] analyzing entity halfband_decimation
INFO: [VRFC 10-307] analyzing entity polyphase_decimation
INFO: [VRFC 10-307] analyzing entity decimation
INFO: [VRFC 10-307] analyzing entity polyphase_interpolation
INFO: [VRFC 10-307] analyzing entity transpose_single_rate
INFO: [VRFC 10-307] analyzing entity transpose_decimation
INFO: [VRFC 10-307] analyzing entity transpose_interpolation
INFO: [VRFC 10-307] analyzing entity single_rate_hb_hilb_ipol
INFO: [VRFC 10-307] analyzing entity fir_compiler_v7_2_5_viv
INFO: [VRFC 10-163] Analyzing VHDL file "D:/FPGA/Vivado/FSK/FSK.ip_user_files/ipstatic/fir_compiler_v7_2_5/hdl/fir_compiler_v7_2.vhd" into library fir_compiler_v7_2_5
INFO: [VRFC 10-307] analyzing entity fir_compiler_v7_2_5
INFO: [VRFC 10-163] Analyzing VHDL file "D:/FPGA/Vivado/FSK/FSK.srcs/sources_1/ip/fir_compiler_2/sim/fir_compiler_2.vhd" into library xil_defaultlib
INFO: [VRFC 10-307] analyzing entity fir_compiler_2
INFO: [VRFC 10-163] Analyzing VHDL file "D:/FPGA/Vivado/FSK/FSK.srcs/sources_1/ip/fir_compiler_1/sim/fir_compiler_1.vhd" into library xil_defaultlib
INFO: [VRFC 10-307] analyzing entity fir_compiler_1
INFO: [VRFC 10-163] Analyzing VHDL file "D:/FPGA/Vivado/FSK/FSK.srcs/sources_1/ip/fir_compiler_0/sim/fir_compiler_0.vhd" into library xil_defaultlib
INFO: [VRFC 10-307] analyzing entity fir_compiler_0
INFO: [VRFC 10-163] Analyzing VHDL file "D:/FPGA/Vivado/FSK/FSK.ip_user_files/ipstatic/xbip_pipe_v3_0_1/hdl/xbip_pipe_v3_0_vh_rfs.vhd" into library xbip_pipe_v3_0_1
INFO: [VRFC 10-307] analyzing entity xbip_pipe_v3_0_1_viv
INFO: [VRFC 10-163] Analyzing VHDL file "D:/FPGA/Vivado/FSK/FSK.ip_user_files/ipstatic/xbip_pipe_v3_0_1/hdl/xbip_pipe_v3_0.vhd" into library xbip_pipe_v3_0_1
INFO: [VRFC 10-307] analyzing entity xbip_pipe_v3_0_1
INFO: [VRFC 10-163] Analyzing VHDL file "D:/FPGA/Vivado/FSK/FSK.ip_user_files/ipstatic/xbip_bram18k_v3_0_1/hdl/xbip_bram18k_v3_0_vh_rfs.vhd" into library xbip_bram18k_v3_0_1
INFO: [VRFC 10-307] analyzing entity xbip_bram18k_synth
INFO: [VRFC 10-307] analyzing entity xbip_bram18k_rtl
INFO: [VRFC 10-307] analyzing entity xbip_bram18k_v3_0_1_viv
INFO: [VRFC 10-163] Analyzing VHDL file "D:/FPGA/Vivado/FSK/FSK.ip_user_files/ipstatic/xbip_bram18k_v3_0_1/hdl/xbip_bram18k_v3_0.vhd" into library xbip_bram18k_v3_0_1
INFO: [VRFC 10-307] analyzing entity xbip_bram18k_v3_0_1
INFO: [VRFC 10-163] Analyzing VHDL file "D:/FPGA/Vivado/FSK/FSK.ip_user_files/ipstatic/mult_gen_v12_0_10/hdl/mult_gen_v12_0_vh_rfs.vhd" into library mult_gen_v12_0_10
INFO: [VRFC 10-307] analyzing entity op_resize
INFO: [VRFC 10-307] analyzing entity delay_line
INFO: [VRFC 10-307] analyzing entity cc_compare
INFO: [VRFC 10-307] analyzing entity luts
INFO: [VRFC 10-307] analyzing entity mult18
INFO: [VRFC 10-307] analyzing entity dsp
INFO: [VRFC 10-307] analyzing entity hybrid
INFO: [VRFC 10-307] analyzing entity ccm_dist_mem
INFO: [VRFC 10-307] analyzing entity ccm_sp_block_mem
INFO: [VRFC 10-307] analyzing entity ccm_dp_block_mem
INFO: [VRFC 10-307] analyzing entity ccm_syncmem
INFO: [VRFC 10-307] analyzing entity ccm_scaled_adder
INFO: [VRFC 10-307] analyzing entity ccm_operation
INFO: [VRFC 10-307] analyzing entity ccm
INFO: [VRFC 10-307] analyzing entity three_input_adder
INFO: [VRFC 10-307] analyzing entity multmxn_lut6
INFO: [VRFC 10-307] analyzing entity mult_gen_v12_0_10_viv
INFO: [VRFC 10-163] Analyzing VHDL file "D:/FPGA/Vivado/FSK/FSK.ip_user_files/ipstatic/mult_gen_v12_0_10/hdl/mult_gen_v12_0.vhd" into library mult_gen_v12_0_10
INFO: [VRFC 10-307] analyzing entity mult_gen_v12_0_10
INFO: [VRFC 10-163] Analyzing VHDL file "D:/FPGA/Vivado/FSK/FSK.ip_user_files/ipstatic/xbip_dsp48_wrapper_v3_0_4/hdl/xbip_dsp48_wrapper_v3_0_vh_rfs.vhd" into library xbip_dsp48_wrapper_v3_0_4
INFO: [VRFC 10-307] analyzing entity xbip_dsp48a_wrapper_v3_0
INFO: [VRFC 10-307] analyzing entity xbip_dsp48a1_wrapper_v3_0
INFO: [VRFC 10-307] analyzing entity xbip_dsp48e_wrapper_v3_0
INFO: [VRFC 10-307] analyzing entity xbip_dsp48e1_wrapper_v3_0
INFO: [VRFC 10-307] analyzing entity xbip_dsp48e2_wrapper_v3_0
INFO: [VRFC 10-307] analyzing entity xbip_dsp48_wrapper_v3_0_4
INFO: [VRFC 10-163] Analyzing VHDL file "D:/FPGA/Vivado/FSK/FSK.ip_user_files/ipstatic/xbip_dsp48_addsub_v3_0_1/hdl/xbip_dsp48_addsub_v3_0_vh_rfs.vhd" into library xbip_dsp48_addsub_v3_0_1
INFO: [VRFC 10-307] analyzing entity xbip_dsp48_addsub_rtl
INFO: [VRFC 10-307] analyzing entity xbip_dsp48_addsub_synth
INFO: [VRFC 10-307] analyzing entity xbip_dsp48_addsub_v3_0_1_viv
INFO: [VRFC 10-163] Analyzing VHDL file "D:/FPGA/Vivado/FSK/FSK.ip_user_files/ipstatic/xbip_dsp48_addsub_v3_0_1/hdl/xbip_dsp48_addsub_v3_0.vhd" into library xbip_dsp48_addsub_v3_0_1
INFO: [VRFC 10-307] analyzing entity xbip_dsp48_addsub_v3_0_1
INFO: [VRFC 10-163] Analyzing VHDL file "D:/FPGA/Vivado/FSK/FSK.ip_user_files/ipstatic/xbip_dsp48_multadd_v3_0_1/hdl/xbip_dsp48_multadd_v3_0_vh_rfs.vhd" into library xbip_dsp48_multadd_v3_0_1
INFO: [VRFC 10-307] analyzing entity xbip_dsp48_multadd_rtl
INFO: [VRFC 10-307] analyzing entity xbip_dsp48_multadd_synth
INFO: [VRFC 10-307] analyzing entity xbip_dsp48_multadd_v3_0_1_viv
INFO: [VRFC 10-163] Analyzing VHDL file "D:/FPGA/Vivado/FSK/FSK.ip_user_files/ipstatic/xbip_dsp48_multadd_v3_0_1/hdl/xbip_dsp48_multadd_v3_0.vhd" into library xbip_dsp48_multadd_v3_0_1
INFO: [VRFC 10-307] analyzing entity xbip_dsp48_multadd_v3_0_1
INFO: [VRFC 10-163] Analyzing VHDL file "D:/FPGA/Vivado/FSK/FSK.ip_user_files/ipstatic/dds_compiler_v6_0_11/hdl/dds_compiler_v6_0_vh_rfs.vhd" into library dds_compiler_v6_0_11
INFO: [VRFC 10-307] analyzing entity dither_wrap
INFO: [VRFC 10-307] analyzing entity pipe_add
INFO: [VRFC 10-307] analyzing entity lut_ram
INFO: [VRFC 10-307] analyzing entity lut5_ram
INFO: [VRFC 10-307] analyzing entity sin_cos
INFO: [VRFC 10-307] analyzing entity sin_cos_quad_rast
INFO: [VRFC 10-307] analyzing entity dsp48_wrap
INFO: [VRFC 10-307] analyzing entity accum
INFO: [VRFC 10-307] analyzing entity raster_accum
INFO: [VRFC 10-307] analyzing entity dds_compiler_v6_0_11_eff_lut
INFO: [VRFC 10-307] analyzing entity dds_compiler_v6_0_11_eff
INFO: [VRFC 10-307] analyzing entity dds_compiler_v6_0_11_rdy
INFO: [VRFC 10-307] analyzing entity dds_compiler_v6_0_11_core
INFO: [VRFC 10-307] analyzing entity dds_compiler_v6_0_11_viv
INFO: [VRFC 10-163] Analyzing VHDL file "D:/FPGA/Vivado/FSK/FSK.ip_user_files/ipstatic/dds_compiler_v6_0_11/hdl/dds_compiler_v6_0.vhd" into library dds_compiler_v6_0_11
INFO: [VRFC 10-307] analyzing entity dds_compiler_v6_0_11
INFO: [VRFC 10-163] Analyzing VHDL file "D:/FPGA/Vivado/FSK/FSK.srcs/sources_1/ip/dds_compiler_1/sim/dds_compiler_1.vhd" into library xil_defaultlib
INFO: [VRFC 10-307] analyzing entity dds_compiler_1
INFO: [VRFC 10-163] Analyzing VHDL file "D:/FPGA/Vivado/FSK/FSK.srcs/sources_1/ip/dds_compiler_0/sim/dds_compiler_0.vhd" into library xil_defaultlib
INFO: [VRFC 10-307] analyzing entity dds_compiler_0
