Vivado Simulator 2015.4
Copyright 1986-1999, 2001-2015 Xilinx, Inc. All Rights Reserved.
Running: D:/program_file/Xilinx/Vivado/2015.4/bin/unwrapped/win64.o/xelab.exe -wto 3256dda551e44dd6bbd9fced7dfd9f7f --debug typical --relax --mt 2 -L xbip_utils_v3_0_5 -L axi_utils_v2_0_1 -L fir_compiler_v7_2_5 -L xil_defaultlib -L xbip_pipe_v3_0_1 -L xbip_bram18k_v3_0_1 -L mult_gen_v12_0_10 -L xbip_dsp48_wrapper_v3_0_4 -L xbip_dsp48_addsub_v3_0_1 -L xbip_dsp48_multadd_v3_0_1 -L dds_compiler_v6_0_11 -L unisims_ver -L unimacro_ver -L secureip --snapshot simu_behav xil_defaultlib.simu xil_defaultlib.glbl -log elaborate.log 
Using 2 slave threads.
Starting static elaboration
WARNING: [VRFC 10-516] comparison between unequal length arrays always returns FALSE [D:/FPGA/Vivado/FSK/FSK.ip_user_files/ipstatic/xbip_utils_v3_0_5/hdl/xbip_utils_v3_0_vh_rfs.vhd:1951]
WARNING: [VRFC 10-516] comparison between unequal length arrays always returns FALSE [D:/FPGA/Vivado/FSK/FSK.ip_user_files/ipstatic/xbip_utils_v3_0_5/hdl/xbip_utils_v3_0_vh_rfs.vhd:1952]
WARNING: [VRFC 10-516] comparison between unequal length arrays always returns FALSE [D:/FPGA/Vivado/FSK/FSK.ip_user_files/ipstatic/xbip_utils_v3_0_5/hdl/xbip_utils_v3_0_vh_rfs.vhd:1944]
WARNING: [VRFC 10-516] comparison between unequal length arrays always returns FALSE [D:/FPGA/Vivado/FSK/FSK.ip_user_files/ipstatic/xbip_utils_v3_0_5/hdl/xbip_utils_v3_0_vh_rfs.vhd:1945]
WARNING: [VRFC 10-516] comparison between unequal length arrays always returns FALSE [D:/FPGA/Vivado/FSK/FSK.ip_user_files/ipstatic/xbip_utils_v3_0_5/hdl/xbip_utils_v3_0_vh_rfs.vhd:1951]
WARNING: [VRFC 10-516] comparison between unequal length arrays always returns FALSE [D:/FPGA/Vivado/FSK/FSK.ip_user_files/ipstatic/xbip_utils_v3_0_5/hdl/xbip_utils_v3_0_vh_rfs.vhd:1952]
WARNING: [VRFC 10-516] comparison between unequal length arrays always returns FALSE [D:/FPGA/Vivado/FSK/FSK.ip_user_files/ipstatic/xbip_utils_v3_0_5/hdl/xbip_utils_v3_0_vh_rfs.vhd:1944]
WARNING: [VRFC 10-516] comparison between unequal length arrays always returns FALSE [D:/FPGA/Vivado/FSK/FSK.ip_user_files/ipstatic/xbip_utils_v3_0_5/hdl/xbip_utils_v3_0_vh_rfs.vhd:1945]
Completed static elaboration
Starting simulation data flow analysis
Completed simulation data flow analysis
Time Resolution for simulation is 1ps
Compiling package std.standard
Compiling package ieee.std_logic_1164
Compiling package ieee.numeric_std
Compiling package std.textio
Compiling package xbip_utils_v3_0_5.xbip_utils_v3_0_5_pkg
Compiling package xbip_utils_v3_0_5.xcc_utils_v3_0
Compiling package dds_compiler_v6_0_11.dds_compiler_v6_0_11_viv_comp
Compiling package ieee.std_logic_arith
Compiling package ieee.std_logic_signed
Compiling package dds_compiler_v6_0_11.pkg_dds_compiler_v6_0_11
Compiling package dds_compiler_v6_0_11.dds_compiler_v6_0_11_hdl_comps
Compiling package xbip_pipe_v3_0_1.xbip_pipe_v3_0_1_viv_comp
Compiling package axi_utils_v2_0_1.axi_utils_v2_0_1_pkg
Compiling package ieee.math_real
Compiling package axi_utils_v2_0_1.global_util_pkg
Compiling package axi_utils_v2_0_1.axi_utils_comps
Compiling package unisim.vcomponents
Compiling package ieee.std_logic_unsigned
Compiling package dds_compiler_v6_0_11.pkg_betas
Compiling package dds_compiler_v6_0_11.pkg_alphas
Compiling package fir_compiler_v7_2_5.fir_compiler_v7_2_5_viv_comp
Compiling package ieee.std_logic_textio
Compiling package fir_compiler_v7_2_5.globals_pkg
Compiling package fir_compiler_v7_2_5.components
Compiling package ieee.vital_timing
Compiling package ieee.vital_primitives
Compiling package unisim.vpkg
Compiling architecture synth of entity xbip_pipe_v3_0_1.xbip_pipe_v3_0_1_viv [\xbip_pipe_v3_0_1_viv(9,1,0,0,1,...]
Compiling architecture synth of entity xbip_pipe_v3_0_1.xbip_pipe_v3_0_1_viv [\xbip_pipe_v3_0_1_viv(1,1,0,0,0,...]
Compiling architecture synth of entity dds_compiler_v6_0_11.dds_compiler_v6_0_11_rdy [\dds_compiler_v6_0_11_rdy(1,0,1,...]
Compiling architecture synth of entity dds_compiler_v6_0_11.dither_wrap [\dither_wrap(3,4,1,0)\]
Compiling architecture synth of entity xbip_pipe_v3_0_1.xbip_pipe_v3_0_1_viv [\xbip_pipe_v3_0_1_viv(0,1,0,0,0,...]
Compiling architecture synth of entity xbip_pipe_v3_0_1.xbip_pipe_v3_0_1_viv [\xbip_pipe_v3_0_1_viv(0,1,0,0,0,...]
Compiling architecture synth of entity xbip_pipe_v3_0_1.xbip_pipe_v3_0_1_viv [\xbip_pipe_v3_0_1_viv(1,1,0,0,0,...]
Compiling architecture synth of entity dds_compiler_v6_0_11.pipe_add [\pipe_add(16,1,16)\]
Compiling architecture synth of entity dds_compiler_v6_0_11.accum [\accum("zynq",1,3,"1100110011001...]
Compiling architecture synth of entity xbip_pipe_v3_0_1.xbip_pipe_v3_0_1_viv [\xbip_pipe_v3_0_1_viv(0,1,0,0,0,...]
Compiling architecture synth of entity xbip_pipe_v3_0_1.xbip_pipe_v3_0_1_viv [\xbip_pipe_v3_0_1_viv(1,1,0,0,0,...]
Compiling architecture synth of entity xbip_pipe_v3_0_1.xbip_pipe_v3_0_1_viv [\xbip_pipe_v3_0_1_viv(1,1,0,0,0,...]
Compiling architecture synth of entity xbip_pipe_v3_0_1.xbip_pipe_v3_0_1_viv [\xbip_pipe_v3_0_1_viv(4,1,0,0,0,...]
Compiling architecture synth of entity xbip_pipe_v3_0_1.xbip_pipe_v3_0_1_viv [\xbip_pipe_v3_0_1_viv(1,1,0,0,0,...]
Compiling architecture synth of entity dds_compiler_v6_0_11.sin_cos [\sin_cos("zynq",0,9,1,13,15,13,6...]
Compiling architecture synth of entity xbip_pipe_v3_0_1.xbip_pipe_v3_0_1_viv [\xbip_pipe_v3_0_1_viv(0,1,0,0,1,...]
Compiling architecture synth of entity xbip_pipe_v3_0_1.xbip_pipe_v3_0_1_viv [\xbip_pipe_v3_0_1_viv(0,1,0,0,0,...]
Compiling architecture synth of entity dds_compiler_v6_0_11.dds_compiler_v6_0_11_core [\dds_compiler_v6_0_11_core("zynq...]
Compiling architecture synth of entity dds_compiler_v6_0_11.dds_compiler_v6_0_11_viv [\dds_compiler_v6_0_11_viv("zynq"...]
Compiling architecture xilinx of entity dds_compiler_v6_0_11.dds_compiler_v6_0_11 [\dds_compiler_v6_0_11("zynq",0,9...]
Compiling architecture dds_compiler_0_arch of entity xil_defaultlib.dds_compiler_0 [dds_compiler_0_default]
Compiling architecture synth of entity dds_compiler_v6_0_11.accum [\accum("zynq",1,3,"1010111000010...]
Compiling architecture synth of entity dds_compiler_v6_0_11.dds_compiler_v6_0_11_core [\dds_compiler_v6_0_11_core("zynq...]
Compiling architecture synth of entity dds_compiler_v6_0_11.dds_compiler_v6_0_11_viv [\dds_compiler_v6_0_11_viv("zynq"...]
Compiling architecture xilinx of entity dds_compiler_v6_0_11.dds_compiler_v6_0_11 [\dds_compiler_v6_0_11("zynq",0,9...]
Compiling architecture dds_compiler_1_arch of entity xil_defaultlib.dds_compiler_1 [dds_compiler_1_default]
Compiling module xil_defaultlib.FSK_mod
Compiling architecture xilinx of entity axi_utils_v2_0_1.glb_srl_fifo [\glb_srl_fifo(16,16,false,true,1...]
Compiling architecture xilinx of entity axi_utils_v2_0_1.glb_ifx_slave [\glb_ifx_slave(16,16,false,true,...]
Compiling architecture synth of entity fir_compiler_v7_2_5.cntrl_delay [\cntrl_delay(0,3,false,-1,0,sym_...]
Compiling architecture synth of entity fir_compiler_v7_2_5.sp_mem [\sp_mem("zynq",(2,1,true,0,16,1,...]
Compiling architecture synth of entity fir_compiler_v7_2_5.sp_mem [\sp_mem("zynq",(2,1,true,0,16,1,...]
Compiling architecture synth of entity fir_compiler_v7_2_5.filt_mem [\filt_mem("zynq",((coef,0,(2,1,t...]
Compiling architecture synth of entity fir_compiler_v7_2_5.sp_mem [\sp_mem("zynq",(2,1,true,0,16,1,...]
Compiling architecture synth of entity fir_compiler_v7_2_5.sp_mem [\sp_mem("zynq",(2,1,true,0,16,1,...]
Compiling architecture synth of entity fir_compiler_v7_2_5.filt_mem [\filt_mem("zynq",((coef,2,(2,1,t...]
Compiling architecture synth of entity fir_compiler_v7_2_5.sp_mem [\sp_mem("zynq",(2,1,true,0,16,1,...]
Compiling architecture synth of entity fir_compiler_v7_2_5.sp_mem [\sp_mem("zynq",(2,1,true,0,16,1,...]
Compiling architecture synth of entity fir_compiler_v7_2_5.filt_mem [\filt_mem("zynq",((coef,4,(2,1,t...]
Compiling architecture synth of entity fir_compiler_v7_2_5.sp_mem [\sp_mem("zynq",(2,1,true,0,16,1,...]
Compiling architecture synth of entity fir_compiler_v7_2_5.sp_mem [\sp_mem("zynq",(2,1,true,0,16,1,...]
Compiling architecture synth of entity fir_compiler_v7_2_5.filt_mem [\filt_mem("zynq",((coef,6,(2,1,t...]
Compiling architecture synth of entity fir_compiler_v7_2_5.sp_mem [\sp_mem("zynq",(2,1,true,0,16,1,...]
Compiling architecture synth of entity fir_compiler_v7_2_5.sp_mem [\sp_mem("zynq",(2,1,true,0,16,1,...]
Compiling architecture synth of entity fir_compiler_v7_2_5.filt_mem [\filt_mem("zynq",((coef,8,(2,1,t...]
Compiling architecture synth of entity fir_compiler_v7_2_5.sp_mem [\sp_mem("zynq",(2,1,true,0,16,1,...]
Compiling architecture synth of entity fir_compiler_v7_2_5.sp_mem [\sp_mem("zynq",(2,1,true,0,16,1,...]
Compiling architecture synth of entity fir_compiler_v7_2_5.filt_mem [\filt_mem("zynq",((coef,10,(2,1,...]
Compiling architecture synth of entity fir_compiler_v7_2_5.sp_mem [\sp_mem("zynq",(2,1,true,0,16,1,...]
Compiling architecture synth of entity fir_compiler_v7_2_5.sp_mem [\sp_mem("zynq",(2,1,true,0,16,1,...]
Compiling architecture synth of entity fir_compiler_v7_2_5.filt_mem [\filt_mem("zynq",((coef,12,(2,1,...]
Compiling architecture synth of entity fir_compiler_v7_2_5.sp_mem [\sp_mem("zynq",(2,1,true,0,16,1,...]
Compiling architecture synth of entity fir_compiler_v7_2_5.sp_mem [\sp_mem("zynq",(2,1,true,0,16,1,...]
Compiling architecture synth of entity fir_compiler_v7_2_5.filt_mem [\filt_mem("zynq",((coef,14,(2,1,...]
Compiling architecture synth of entity fir_compiler_v7_2_5.sp_mem [\sp_mem("zynq",(2,1,true,0,16,1,...]
Compiling architecture synth of entity fir_compiler_v7_2_5.filt_mem [\filt_mem("zynq",((coef,16,(2,1,...]
Compiling architecture synth of entity fir_compiler_v7_2_5.buff [\buff("zynq",1,0,false,true,fals...]
Compiling architecture synth of entity fir_compiler_v7_2_5.delay [\delay(16,"zynq",0,16,1,0,0,fals...]
Compiling architecture synth of entity fir_compiler_v7_2_5.delay [\delay(15,"zynq",0,16,1,0,0,fals...]
Compiling architecture synth of entity fir_compiler_v7_2_5.delay [\delay(14,"zynq",0,16,1,0,0,fals...]
Compiling architecture synth of entity fir_compiler_v7_2_5.delay [\delay(13,"zynq",0,16,1,0,0,fals...]
Compiling architecture synth of entity fir_compiler_v7_2_5.delay [\delay(12,"zynq",0,16,1,0,0,fals...]
Compiling architecture synth of entity fir_compiler_v7_2_5.delay [\delay(11,"zynq",0,16,1,0,0,fals...]
Compiling architecture synth of entity fir_compiler_v7_2_5.delay [\delay(10,"zynq",0,16,1,0,0,fals...]
Compiling architecture synth of entity fir_compiler_v7_2_5.delay [\delay(9,"zynq",0,16,1,0,0,false...]
Compiling architecture synth of entity fir_compiler_v7_2_5.delay [\delay(8,"zynq",0,16,1,0,0,false...]
Compiling architecture synth of entity fir_compiler_v7_2_5.delay [\delay(7,"zynq",0,16,1,0,0,false...]
Compiling architecture synth of entity fir_compiler_v7_2_5.delay [\delay(6,"zynq",0,16,1,0,0,false...]
Compiling architecture synth of entity fir_compiler_v7_2_5.delay [\delay(5,"zynq",0,16,1,0,0,false...]
Compiling architecture synth of entity fir_compiler_v7_2_5.delay [\delay(4,"zynq",0,16,1,0,0,false...]
Compiling architecture synth of entity fir_compiler_v7_2_5.delay [\delay(3,"zynq",0,16,1,0,0,false...]
Compiling architecture synth of entity fir_compiler_v7_2_5.delay [\delay(2,"zynq",0,16,1,0,0,false...]
Compiling architecture synth of entity fir_compiler_v7_2_5.delay [\delay(0,"zynq",0,16,1,0,0,false...]
Compiling architecture synth of entity fir_compiler_v7_2_5.buff [\buff("zynq",2,0,false,true,fals...]
Compiling architecture synth of entity fir_compiler_v7_2_5.delay [\delay(0,"zynq",0,2,1,0,0,false,...]
Compiling architecture dsp48e1_v of entity unisim.DSP48E1 [\DSP48E1(1,1,1,1,"NO_RESET","DIR...]
Compiling architecture synth of entity fir_compiler_v7_2_5.calc [\calc("zynq",(1,0,0,0,0,0,0,0,0,...]
WARNING: [VRFC 10-516] comparison between unequal length arrays always returns FALSE [D:/FPGA/Vivado/FSK/FSK.ip_user_files/ipstatic/xbip_utils_v3_0_5/hdl/xbip_utils_v3_0_vh_rfs.vhd:1951]
WARNING: [VRFC 10-516] comparison between unequal length arrays always returns FALSE [D:/FPGA/Vivado/FSK/FSK.ip_user_files/ipstatic/xbip_utils_v3_0_5/hdl/xbip_utils_v3_0_vh_rfs.vhd:1952]
WARNING: [VRFC 10-516] comparison between unequal length arrays always returns FALSE [D:/FPGA/Vivado/FSK/FSK.ip_user_files/ipstatic/xbip_utils_v3_0_5/hdl/xbip_utils_v3_0_vh_rfs.vhd:1944]
WARNING: [VRFC 10-516] comparison between unequal length arrays always returns FALSE [D:/FPGA/Vivado/FSK/FSK.ip_user_files/ipstatic/xbip_utils_v3_0_5/hdl/xbip_utils_v3_0_vh_rfs.vhd:1945]
Compiling architecture synth of entity fir_compiler_v7_2_5.addsub_mult_add [\addsub_mult_add("zynq",0,0,35,f...]
WARNING: [VRFC 10-516] comparison between unequal length arrays always returns FALSE [D:/FPGA/Vivado/FSK/FSK.ip_user_files/ipstatic/xbip_utils_v3_0_5/hdl/xbip_utils_v3_0_vh_rfs.vhd:1951]
WARNING: [VRFC 10-516] comparison between unequal length arrays always returns FALSE [D:/FPGA/Vivado/FSK/FSK.ip_user_files/ipstatic/xbip_utils_v3_0_5/hdl/xbip_utils_v3_0_vh_rfs.vhd:1952]
WARNING: [VRFC 10-516] comparison between unequal length arrays always returns FALSE [D:/FPGA/Vivado/FSK/FSK.ip_user_files/ipstatic/xbip_utils_v3_0_5/hdl/xbip_utils_v3_0_vh_rfs.vhd:1944]
WARNING: [VRFC 10-516] comparison between unequal length arrays always returns FALSE [D:/FPGA/Vivado/FSK/FSK.ip_user_files/ipstatic/xbip_utils_v3_0_5/hdl/xbip_utils_v3_0_vh_rfs.vhd:1945]
Compiling architecture synth of entity fir_compiler_v7_2_5.delay [\delay(0,"zynq",0,48,0,0,0,false...]
Compiling architecture synth of entity fir_compiler_v7_2_5.addsub_mult_add [\addsub_mult_add("zynq",0,0,35,t...]
WARNING: [VRFC 10-516] comparison between unequal length arrays always returns FALSE [D:/FPGA/Vivado/FSK/FSK.ip_user_files/ipstatic/xbip_utils_v3_0_5/hdl/xbip_utils_v3_0_vh_rfs.vhd:1951]
WARNING: [VRFC 10-516] comparison between unequal length arrays always returns FALSE [D:/FPGA/Vivado/FSK/FSK.ip_user_files/ipstatic/xbip_utils_v3_0_5/hdl/xbip_utils_v3_0_vh_rfs.vhd:1952]
WARNING: [VRFC 10-516] comparison between unequal length arrays always returns FALSE [D:/FPGA/Vivado/FSK/FSK.ip_user_files/ipstatic/xbip_utils_v3_0_5/hdl/xbip_utils_v3_0_vh_rfs.vhd:1944]
WARNING: [VRFC 10-516] comparison between unequal length arrays always returns FALSE [D:/FPGA/Vivado/FSK/FSK.ip_user_files/ipstatic/xbip_utils_v3_0_5/hdl/xbip_utils_v3_0_vh_rfs.vhd:1945]
Compiling architecture synth of entity fir_compiler_v7_2_5.delay [\delay(1,"zynq",0,16,1,0,0,false...]
Compiling architecture synth of entity fir_compiler_v7_2_5.delay [\delay(1,"zynq",0,1,3,0,0,false,...]
Compiling architecture synth of entity fir_compiler_v7_2_5.delay [\delay(21,"zynq",0,1,1,0,0,false...]
Compiling architecture synth of entity fir_compiler_v7_2_5.single_rate [\single_rate("zynq","./","fir_co...]
Compiling architecture synth of entity fir_compiler_v7_2_5.fir_compiler_v7_2_5_viv [\fir_compiler_v7_2_5_viv("zynq",...]
Compiling architecture xilinx of entity fir_compiler_v7_2_5.fir_compiler_v7_2_5 [\fir_compiler_v7_2_5("zynq","./"...]
Compiling architecture fir_compiler_0_arch of entity xil_defaultlib.fir_compiler_0 [fir_compiler_0_default]
Compiling architecture synth of entity fir_compiler_v7_2_5.sp_mem [\sp_mem("zynq",(2,1,true,0,16,1,...]
Compiling architecture synth of entity fir_compiler_v7_2_5.sp_mem [\sp_mem("zynq",(2,1,true,0,16,1,...]
Compiling architecture synth of entity fir_compiler_v7_2_5.filt_mem [\filt_mem("zynq",((coef,0,(2,1,t...]
Compiling architecture synth of entity fir_compiler_v7_2_5.sp_mem [\sp_mem("zynq",(2,1,true,0,16,1,...]
Compiling architecture synth of entity fir_compiler_v7_2_5.sp_mem [\sp_mem("zynq",(2,1,true,0,16,1,...]
Compiling architecture synth of entity fir_compiler_v7_2_5.filt_mem [\filt_mem("zynq",((coef,2,(2,1,t...]
Compiling architecture synth of entity fir_compiler_v7_2_5.sp_mem [\sp_mem("zynq",(2,1,true,0,16,1,...]
Compiling architecture synth of entity fir_compiler_v7_2_5.sp_mem [\sp_mem("zynq",(2,1,true,0,16,1,...]
Compiling architecture synth of entity fir_compiler_v7_2_5.filt_mem [\filt_mem("zynq",((coef,4,(2,1,t...]
Compiling architecture synth of entity fir_compiler_v7_2_5.sp_mem [\sp_mem("zynq",(2,1,true,0,16,1,...]
Compiling architecture synth of entity fir_compiler_v7_2_5.sp_mem [\sp_mem("zynq",(2,1,true,0,16,1,...]
Compiling architecture synth of entity fir_compiler_v7_2_5.filt_mem [\filt_mem("zynq",((coef,6,(2,1,t...]
Compiling architecture synth of entity fir_compiler_v7_2_5.sp_mem [\sp_mem("zynq",(2,1,true,0,16,1,...]
Compiling architecture synth of entity fir_compiler_v7_2_5.sp_mem [\sp_mem("zynq",(2,1,true,0,16,1,...]
Compiling architecture synth of entity fir_compiler_v7_2_5.filt_mem [\filt_mem("zynq",((coef,8,(2,1,t...]
Compiling architecture synth of entity fir_compiler_v7_2_5.sp_mem [\sp_mem("zynq",(2,1,true,0,16,1,...]
Compiling architecture synth of entity fir_compiler_v7_2_5.sp_mem [\sp_mem("zynq",(2,1,true,0,16,1,...]
Compiling architecture synth of entity fir_compiler_v7_2_5.filt_mem [\filt_mem("zynq",((coef,10,(2,1,...]
Compiling architecture synth of entity fir_compiler_v7_2_5.sp_mem [\sp_mem("zynq",(2,1,true,0,16,1,...]
Compiling architecture synth of entity fir_compiler_v7_2_5.sp_mem [\sp_mem("zynq",(2,1,true,0,16,1,...]
Compiling architecture synth of entity fir_compiler_v7_2_5.filt_mem [\filt_mem("zynq",((coef,12,(2,1,...]
Compiling architecture synth of entity fir_compiler_v7_2_5.sp_mem [\sp_mem("zynq",(2,1,true,0,16,1,...]
Compiling architecture synth of entity fir_compiler_v7_2_5.sp_mem [\sp_mem("zynq",(2,1,true,0,16,1,...]
Compiling architecture synth of entity fir_compiler_v7_2_5.filt_mem [\filt_mem("zynq",((coef,14,(2,1,...]
Compiling architecture synth of entity fir_compiler_v7_2_5.sp_mem [\sp_mem("zynq",(2,1,true,0,16,1,...]
Compiling architecture synth of entity fir_compiler_v7_2_5.filt_mem [\filt_mem("zynq",((coef,16,(2,1,...]
Compiling architecture synth of entity fir_compiler_v7_2_5.single_rate [\single_rate("zynq","./","fir_co...]
Compiling architecture synth of entity fir_compiler_v7_2_5.fir_compiler_v7_2_5_viv [\fir_compiler_v7_2_5_viv("zynq",...]
Compiling architecture xilinx of entity fir_compiler_v7_2_5.fir_compiler_v7_2_5 [\fir_compiler_v7_2_5("zynq","./"...]
Compiling architecture fir_compiler_1_arch of entity xil_defaultlib.fir_compiler_1 [fir_compiler_1_default]
Compiling architecture synth of entity fir_compiler_v7_2_5.sp_mem [\sp_mem("zynq",(2,1,true,0,16,1,...]
Compiling architecture synth of entity fir_compiler_v7_2_5.sp_mem [\sp_mem("zynq",(2,1,true,0,16,1,...]
Compiling architecture synth of entity fir_compiler_v7_2_5.filt_mem [\filt_mem("zynq",((coef,0,(2,1,t...]
Compiling architecture synth of entity fir_compiler_v7_2_5.sp_mem [\sp_mem("zynq",(2,1,true,0,16,1,...]
Compiling architecture synth of entity fir_compiler_v7_2_5.sp_mem [\sp_mem("zynq",(2,1,true,0,16,1,...]
Compiling architecture synth of entity fir_compiler_v7_2_5.filt_mem [\filt_mem("zynq",((coef,2,(2,1,t...]
Compiling architecture synth of entity fir_compiler_v7_2_5.sp_mem [\sp_mem("zynq",(2,1,true,0,16,1,...]
Compiling architecture synth of entity fir_compiler_v7_2_5.sp_mem [\sp_mem("zynq",(2,1,true,0,16,1,...]
Compiling architecture synth of entity fir_compiler_v7_2_5.filt_mem [\filt_mem("zynq",((coef,4,(2,1,t...]
Compiling architecture synth of entity fir_compiler_v7_2_5.sp_mem [\sp_mem("zynq",(2,1,true,0,16,1,...]
Compiling architecture synth of entity fir_compiler_v7_2_5.sp_mem [\sp_mem("zynq",(2,1,true,0,16,1,...]
Compiling architecture synth of entity fir_compiler_v7_2_5.filt_mem [\filt_mem("zynq",((coef,6,(2,1,t...]
Compiling architecture synth of entity fir_compiler_v7_2_5.sp_mem [\sp_mem("zynq",(2,1,true,0,16,1,...]
Compiling architecture synth of entity fir_compiler_v7_2_5.sp_mem [\sp_mem("zynq",(2,1,true,0,16,1,...]
Compiling architecture synth of entity fir_compiler_v7_2_5.filt_mem [\filt_mem("zynq",((coef,8,(2,1,t...]
Compiling architecture synth of entity fir_compiler_v7_2_5.sp_mem [\sp_mem("zynq",(2,1,true,0,16,1,...]
Compiling architecture synth of entity fir_compiler_v7_2_5.sp_mem [\sp_mem("zynq",(2,1,true,0,16,1,...]
Compiling architecture synth of entity fir_compiler_v7_2_5.filt_mem [\filt_mem("zynq",((coef,10,(2,1,...]
Compiling architecture synth of entity fir_compiler_v7_2_5.sp_mem [\sp_mem("zynq",(2,1,true,0,16,1,...]
Compiling architecture synth of entity fir_compiler_v7_2_5.sp_mem [\sp_mem("zynq",(2,1,true,0,16,1,...]
Compiling architecture synth of entity fir_compiler_v7_2_5.filt_mem [\filt_mem("zynq",((coef,12,(2,1,...]
Compiling architecture synth of entity fir_compiler_v7_2_5.sp_mem [\sp_mem("zynq",(2,1,true,0,16,1,...]
Compiling architecture synth of entity fir_compiler_v7_2_5.sp_mem [\sp_mem("zynq",(2,1,true,0,16,1,...]
Compiling architecture synth of entity fir_compiler_v7_2_5.filt_mem [\filt_mem("zynq",((coef,14,(2,1,...]
Compiling architecture synth of entity fir_compiler_v7_2_5.sp_mem [\sp_mem("zynq",(2,1,true,0,16,1,...]
Compiling architecture synth of entity fir_compiler_v7_2_5.filt_mem [\filt_mem("zynq",((coef,16,(2,1,...]
Compiling architecture synth of entity fir_compiler_v7_2_5.single_rate [\single_rate("zynq","./","fir_co...]
Compiling architecture synth of entity fir_compiler_v7_2_5.fir_compiler_v7_2_5_viv [\fir_compiler_v7_2_5_viv("zynq",...]
Compiling architecture xilinx of entity fir_compiler_v7_2_5.fir_compiler_v7_2_5 [\fir_compiler_v7_2_5("zynq","./"...]
Compiling architecture fir_compiler_2_arch of entity xil_defaultlib.fir_compiler_2 [fir_compiler_2_default]
Compiling module xil_defaultlib.FSK_demod
Compiling module xil_defaultlib.simu
Compiling module xil_defaultlib.glbl
Built simulation snapshot simu_behav
